Determining if the pthread_create exist failed with the following output:
Change Dir: /home/ed/Dropbox/GitHub/laser_scanner_eric/workspace/src/build-laser_scanner_eric-Desktop-Default/CMakeFiles/CMakeTmp

Run Build Command:/usr/bin/make "cmTryCompileExec1004597660/fast"
/usr/bin/make -f CMakeFiles/cmTryCompileExec1004597660.dir/build.make CMakeFiles/cmTryCompileExec1004597660.dir/build
make[1]: Entering directory `/home/ed/Dropbox/GitHub/laser_scanner_eric/workspace/src/build-laser_scanner_eric-Desktop-Default/CMakeFiles/CMakeTmp'
/usr/bin/cmake -E cmake_progress_report /home/ed/Dropbox/GitHub/laser_scanner_eric/workspace/src/build-laser_scanner_eric-Desktop-Default/CMakeFiles/CMakeTmp/CMakeFiles 1
Building C object CMakeFiles/cmTryCompileExec1004597660.dir/CheckSymbolExists.c.o
/usr/bin/cc    -o CMakeFiles/cmTryCompileExec1004597660.dir/CheckSymbolExists.c.o   -c /home/ed/Dropbox/GitHub/laser_scanner_eric/workspace/src/build-laser_scanner_eric-Desktop-Default/CMakeFiles/CMakeTmp/CheckSymbolExists.c
Linking C executable cmTryCompileExec1004597660
/usr/bin/cmake -E cmake_link_script CMakeFiles/cmTryCompileExec1004597660.dir/link.txt --verbose=1
/usr/bin/cc       CMakeFiles/cmTryCompileExec1004597660.dir/CheckSymbolExists.c.o  -o cmTryCompileExec1004597660 -rdynamic 
CMakeFiles/cmTryCompileExec1004597660.dir/CheckSymbolExists.c.o: In function `main':
CheckSymbolExists.c:(.text+0x16): undefined reference to `pthread_create'
collect2: error: ld returned 1 exit status
make[1]: *** [cmTryCompileExec1004597660] Error 1
make[1]: Leaving directory `/home/ed/Dropbox/GitHub/laser_scanner_eric/workspace/src/build-laser_scanner_eric-Desktop-Default/CMakeFiles/CMakeTmp'
make: *** [cmTryCompileExec1004597660/fast] Error 2

File /home/ed/Dropbox/GitHub/laser_scanner_eric/workspace/src/build-laser_scanner_eric-Desktop-Default/CMakeFiles/CMakeTmp/CheckSymbolExists.c:
/* */
#include <pthread.h>

int main(int argc, char** argv)
{
  (void)argv;
#ifndef pthread_create
  return ((int*)(&pthread_create))[argc];
#else
  (void)argc;
  return 0;
#endif
}

Determining if the function pthread_create exists in the pthreads failed with the following output:
Change Dir: /home/ed/Dropbox/GitHub/laser_scanner_eric/workspace/src/build-laser_scanner_eric-Desktop-Default/CMakeFiles/CMakeTmp

Run Build Command:/usr/bin/make "cmTryCompileExec3223775763/fast"
/usr/bin/make -f CMakeFiles/cmTryCompileExec3223775763.dir/build.make CMakeFiles/cmTryCompileExec3223775763.dir/build
make[1]: Entering directory `/home/ed/Dropbox/GitHub/laser_scanner_eric/workspace/src/build-laser_scanner_eric-Desktop-Default/CMakeFiles/CMakeTmp'
/usr/bin/cmake -E cmake_progress_report /home/ed/Dropbox/GitHub/laser_scanner_eric/workspace/src/build-laser_scanner_eric-Desktop-Default/CMakeFiles/CMakeTmp/CMakeFiles 1
Building C object CMakeFiles/cmTryCompileExec3223775763.dir/CheckFunctionExists.c.o
/usr/bin/cc   -DCHECK_FUNCTION_EXISTS=pthread_create   -o CMakeFiles/cmTryCompileExec3223775763.dir/CheckFunctionExists.c.o   -c /usr/share/cmake-2.8/Modules/CheckFunctionExists.c
Linking C executable cmTryCompileExec3223775763
/usr/bin/cmake -E cmake_link_script CMakeFiles/cmTryCompileExec3223775763.dir/link.txt --verbose=1
/usr/bin/cc   -DCHECK_FUNCTION_EXISTS=pthread_create    CMakeFiles/cmTryCompileExec3223775763.dir/CheckFunctionExists.c.o  -o cmTryCompileExec3223775763 -rdynamic -lpthreads 
/usr/bin/ld: cannot find -lpthreads
collect2: error: ld returned 1 exit status
make[1]: *** [cmTryCompileExec3223775763] Error 1
make[1]: Leaving directory `/home/ed/Dropbox/GitHub/laser_scanner_eric/workspace/src/build-laser_scanner_eric-Desktop-Default/CMakeFiles/CMakeTmp'
make: *** [cmTryCompileExec3223775763/fast] Error 2


